<?xml version="1.0" encoding="UTF-8"?>
<!-- Generated by org.testng.reporters.JUnitReportReporter -->
<testsuite skipped="0" hostname="MINDQBTM-PC" name="com.pagelibrary.com.ranford.A" tests="2" failures="0" timestamp="08 Feb 2019 03:14:47 GMT" time="0.014" errors="0">
  <testcase name="m6" time="0.003" classname="com.pagelibrary.com.ranford.A"/>
  <testcase name="m5" time="0.011" classname="com.pagelibrary.com.ranford.A"/>
</testsuite> <!-- com.pagelibrary.com.ranford.A -->
