<?xml version="1.0" encoding="UTF-8"?>
<!-- Generated by org.testng.reporters.JUnitReportReporter -->
<testsuite skipped="0" hostname="MINDQBTM-PC" name="com.pagelibrary.com.ranford.exedcution" tests="2" failures="0" timestamp="06 Feb 2019 10:25:29 GMT" time="0.011" errors="0">
  <testcase name="m5" time="0.004" classname="com.pagelibrary.com.ranford.exedcution"/>
  <testcase name="m4" time="0.007" classname="com.pagelibrary.com.ranford.exedcution"/>
</testsuite> <!-- com.pagelibrary.com.ranford.exedcution -->
